

> @pishop/storefront@0.0.3 build /home/paalgyula/wspace/projects/pilab/pishop/apps/pishop-new
> next build --turbo

 [33m[1m⚠[22m[39m Warning: Found multiple lockfiles. Selecting /home/paalgyula/wspace/projects/pilab/pishop/pnpm-lock.yaml.
   Consider removing the lockfiles at:
   * /home/paalgyula/wspace/projects/pilab/pishop/apps/pishop-new/bun.lock

(node:100516) [MODULE_TYPELESS_PACKAGE_JSON] Warning: Module type of file:///home/paalgyula/wspace/projects/pilab/pishop/apps/pishop-new/next.config.js is not specified and it doesn't parse as CommonJS.
Reparsing as ES module because module syntax was detected. This incurs a performance overhead.
To eliminate this warning, add "type": "module" to /home/paalgyula/wspace/projects/pilab/pishop/apps/pishop-new/package.json.
(Use `node --trace-warnings ...` to show where the warning was created)
   [1m[38;2;173;127;168m▲ Next.js 15.4.6[39m[22m (Turbopack)
   - Environments: .env.local, .env.production
   - Experiments (use with caution):
     [1m⨯[22m reactCompiler

 [37m[1m [22m[39m Creating an optimized production build ...
(node:100645) [MODULE_TYPELESS_PACKAGE_JSON] Warning: Module type of file:///home/paalgyula/wspace/projects/pilab/pishop/apps/pishop-new/next.config.js is not specified and it doesn't parse as CommonJS.
Reparsing as ES module because module syntax was detected. This incurs a performance overhead.
To eliminate this warning, add "type": "module" to /home/paalgyula/wspace/projects/pilab/pishop/apps/pishop-new/package.json.
(Use `node --trace-warnings ...` to show where the warning was created)
 ⚠ Webpack is configured while Turbopack is not, which may cause problems.
 ⚠ See instructions if you need to configure Turbopack:
  https://nextjs.org/docs/app/api-reference/next-config-js/turbopack

 [33m[1m⚠[22m[39m Support for Turbopack builds is experimental. [1mWe don't recommend deploying mission-critical applications to production.[22m

- [1mTurbopack currently always builds production source maps for the browser. This will include project source code if deployed to production.[22m
- It is expected that your bundle size might be different from `next build` with webpack. This will be improved as we work towards stability.
- This build is without disk caching; subsequent builds will become faster when disk caching becomes available.
- When comparing output to webpack builds, make sure to first clear the Next.js cache by deleting the `.next` directory.

Provide feedback for Turbopack builds at https://github.com/vercel/next.js/discussions/77721

> Build error occurred
[Error [TurbopackInternalError]: Next.js package not found

Debug info:
- Execution of TaskId { id: 2147483650 } transient failed
- Execution of get_all_written_entrypoints_with_issues_operation failed
- Execution of EntrypointsOperation::new failed
- Execution of all_entrypoints_write_to_disk_operation failed
- Execution of Project::emit_all_output_assets failed
- Execution of *emit_assets failed
- Execution of all_assets_from_entries_operation failed
- Execution of *all_assets_from_entries failed
- Execution of output_assets_operation failed
- Execution of Project::get_all_endpoints failed
- Execution of Project::entrypoints failed
- Execution of AppProject::routes failed
- Execution of directory_tree_to_entrypoints_internal failed
- Execution of get_next_package failed
- Next.js package not found] {
  type: [32m'TurbopackInternalError'[39m
}
[41m[30m ELIFECYCLE [39m[49m [31mCommand failed with exit code 1.[39m
